npm error code ERESOLVE
npm error ERESOLVE could not resolve
npm error
npm error While resolving: next-auth@5.0.0-beta.25
npm error Found: next@16.2.3
npm error node_modules/next
npm error   next@"16.2.3" from the root project
npm error   peer next@"^13.2.0 || ^14.0 || ^15.0.0-rc.0 || ^16.0.0-0" from @sentry/nextjs@10.50.0
npm error   node_modules/@sentry/nextjs
npm error     @sentry/nextjs@"^10" from the root project
npm error
npm error Could not resolve dependency:
npm error peer next@"^14.0.0-0 || ^15.0.0-0" from next-auth@5.0.0-beta.25
npm error node_modules/next-auth
npm error   next-auth@"^5.0.0-beta.25" from the root project
npm error
npm error Conflicting peer dependency: next@15.5.15
npm error node_modules/next
npm error   peer next@"^14.0.0-0 || ^15.0.0-0" from next-auth@5.0.0-beta.25
npm error   node_modules/next-auth
npm error     next-auth@"^5.0.0-beta.25" from the root project
npm error
npm error Fix the upstream dependency conflict, or retry this command with --force or --legacy-peer-deps to accept an incorrect (and potentially broken) dependency resolution.
npm error
npm error
npm error For a full report see:
npm error /Users/thoufeeque/.npm/_logs/2026-04-24T06_54_46_969Z-eresolve-report.txt
npm error A complete log of this run can be found in: /Users/thoufeeque/.npm/_logs/2026-04-24T06_54_46_969Z-debug-0.log
